  proiectGrafuri.cpp
C:\Users\crist\OneDrive\Desktop\proiectGrafuri\proiectGrafuri\proiectGrafuri.cpp(28,18): error C2131: expression did not evaluate to a constant
C:\Users\crist\OneDrive\Desktop\proiectGrafuri\proiectGrafuri\proiectGrafuri.cpp(28,18): message : failure was caused by a read of a variable outside its lifetime
C:\Users\crist\OneDrive\Desktop\proiectGrafuri\proiectGrafuri\proiectGrafuri.cpp(28,18): message : see usage of 'nr_noduri'
C:\Users\crist\OneDrive\Desktop\proiectGrafuri\proiectGrafuri\proiectGrafuri.cpp(36,24): error C3863: array type 'bool [nr_noduri]' is not assignable
C:\Users\crist\OneDrive\Desktop\proiectGrafuri\proiectGrafuri\proiectGrafuri.cpp(29,1): fatal  error C1903: unable to recover from previous error(s); stopping compilation
